[    0.000000] Initializing cgroup subsys cpuset
[    0.000000] Initializing cgroup subsys cpu
[    0.000000] Initializing cgroup subsys cpuacct
[    0.000000] Linux version 4.4.0-190-generic (buildd@lcy01-amd64-026) (gcc version 5.4.0 20160609 (Ubuntu 5.4.0-6ubuntu1~16.04.12) ) #220-Ubuntu SMP Fri Aug 28 23:02:15 UTC 2020 (Ubuntu 4.4.0-190.220-generic 4.4.233)
[    0.000000] Command line: BOOT_IMAGE=/boot/vmlinuz-4.4.0-190-generic root=LABEL=cloudimg-rootfs ro console=tty1 console=ttyS0
[    0.000000] KERNEL supported cpus:
[    0.000000]   Intel GenuineIntel
[    0.000000]   AMD AuthenticAMD
[    0.000000]   Centaur CentaurHauls
[    0.000000] x86/fpu: xstate_offset[2]:  576, xstate_sizes[2]:  256
[    0.000000] x86/fpu: Supporting XSAVE feature 0x01: 'x87 floating point registers'
[    0.000000] x86/fpu: Supporting XSAVE feature 0x02: 'SSE registers'
[    0.000000] x86/fpu: Supporting XSAVE feature 0x04: 'AVX registers'
[    0.000000] x86/fpu: Enabled xstate features 0x7, context size is 832 bytes, using 'standard' format.
[    0.000000] e820: BIOS-provided physical RAM map:
[    0.000000] BIOS-e820: [mem 0x0000000000000000-0x000000000009fbff] usable
[    0.000000] BIOS-e820: [mem 0x000000000009fc00-0x000000000009ffff] reserved
[    0.000000] BIOS-e820: [mem 0x00000000000f0000-0x00000000000fffff] reserved
[    0.000000] BIOS-e820: [mem 0x0000000000100000-0x000000003ffeffff] usable
[    0.000000] BIOS-e820: [mem 0x000000003fff0000-0x000000003fffffff] ACPI data
[    0.000000] BIOS-e820: [mem 0x00000000fec00000-0x00000000fec00fff] reserved
[    0.000000] BIOS-e820: [mem 0x00000000fee00000-0x00000000fee00fff] reserved
[    0.000000] BIOS-e820: [mem 0x00000000fffc0000-0x00000000ffffffff] reserved
[    0.000000] NX (Execute Disable) protection: active
[    0.000000] SMBIOS 2.5 present.
[    0.000000] Hypervisor detected: KVM
[    0.000000] e820: last_pfn = 0x3fff0 max_arch_pfn = 0x400000000
[    0.000000] MTRR: Disabled
[    0.000000] x86/PAT: MTRRs disabled, skipping PAT initialization too.
[    0.000000] CPU MTRRs all blank - virtualized system.
[    0.000000] x86/PAT: Configuration [0-7]: WB  WT  UC- UC  WB  WT  UC- UC  
[    0.000000] found SMP MP-table at [mem 0x0009fff0-0x0009ffff] mapped at [ffff88000009fff0]
[    0.000000] Scanning 1 areas for low memory corruption
[    0.000000] RAMDISK: [mem 0x362de000-0x37166fff]
[    0.000000] ACPI: Early table checksum verification disabled
[    0.000000] ACPI: RSDP 0x00000000000E0000 000024 (v02 VBOX  )
[    0.000000] ACPI: XSDT 0x000000003FFF0030 00003C (v01 VBOX   VBOXXSDT 00000001 ASL  00000061)
[    0.000000] ACPI: FACP 0x000000003FFF00F0 0000F4 (v04 VBOX   VBOXFACP 00000001 ASL  00000061)
[    0.000000] ACPI: DSDT 0x000000003FFF0470 002325 (v02 VBOX   VBOXBIOS 00000002 INTL 20100528)
[    0.000000] ACPI: FACS 0x000000003FFF0200 000040
[    0.000000] ACPI: FACS 0x000000003FFF0200 000040
[    0.000000] ACPI: APIC 0x000000003FFF0240 00005C (v02 VBOX   VBOXAPIC 00000001 ASL  00000061)
[    0.000000] ACPI: SSDT 0x000000003FFF02A0 0001CC (v01 VBOX   VBOXCPUT 00000002 INTL 20100528)
[    0.000000] No NUMA configuration found
[    0.000000] Faking a node at [mem 0x0000000000000000-0x000000003ffeffff]
[    0.000000] NODE_DATA(0) allocated [mem 0x3ffeb000-0x3ffeffff]
[    0.000000] kvm-clock: Using msrs 4b564d01 and 4b564d00
[    0.000000] kvm-clock: cpu 0, msr 0:3ffe3001, primary cpu clock
[    0.000000] kvm-clock: using sched offset of 3628061683 cycles
[    0.000000] clocksource: kvm-clock: mask: 0xffffffffffffffff max_cycles: 0x1cd42e4dffb, max_idle_ns: 881590591483 ns
[    0.000000] Zone ranges:
[    0.000000]   DMA      [mem 0x0000000000001000-0x0000000000ffffff]
[    0.000000]   DMA32    [mem 0x0000000001000000-0x000000003ffeffff]
[    0.000000]   Normal   empty
[    0.000000]   Device   empty
[    0.000000] Movable zone start for each node
[    0.000000] Early memory node ranges
[    0.000000]   node   0: [mem 0x0000000000001000-0x000000000009efff]
[    0.000000]   node   0: [mem 0x0000000000100000-0x000000003ffeffff]
[    0.000000] Initmem setup node 0 [mem 0x0000000000001000-0x000000003ffeffff]
[    0.000000] ACPI: PM-Timer IO Port: 0x4008
[    0.000000] IOAPIC[0]: apic_id 2, version 32, address 0xfec00000, GSI 0-23
[    0.000000] ACPI: INT_SRC_OVR (bus 0 bus_irq 0 global_irq 2 dfl dfl)
[    0.000000] ACPI: INT_SRC_OVR (bus 0 bus_irq 9 global_irq 9 low level)
[    0.000000] Using ACPI (MADT) for SMP configuration information
[    0.000000] smpboot: Allowing 2 CPUs, 0 hotplug CPUs
[    0.000000] PM: Registered nosave memory: [mem 0x00000000-0x00000fff]
[    0.000000] PM: Registered nosave memory: [mem 0x0009f000-0x0009ffff]
[    0.000000] PM: Registered nosave memory: [mem 0x000a0000-0x000effff]
[    0.000000] PM: Registered nosave memory: [mem 0x000f0000-0x000fffff]
[    0.000000] e820: [mem 0x40000000-0xfebfffff] available for PCI devices
[    0.000000] Booting paravirtualized kernel on KVM
[    0.000000] clocksource: refined-jiffies: mask: 0xffffffff max_cycles: 0xffffffff, max_idle_ns: 7645519600211568 ns
[    0.000000] setup_percpu: NR_CPUS:512 nr_cpumask_bits:512 nr_cpu_ids:2 nr_node_ids:1
[    0.000000] PERCPU: Embedded 33 pages/cpu @ffff88003fc00000 s95512 r8192 d31464 u1048576
[    0.000000] Built 1 zonelists in Node order, mobility grouping on.  Total pages: 257912
[    0.000000] Policy zone: DMA32
[    0.000000] Kernel command line: BOOT_IMAGE=/boot/vmlinuz-4.4.0-190-generic root=LABEL=cloudimg-rootfs ro console=tty1 console=ttyS0
[    0.000000] PID hash table entries: 4096 (order: 3, 32768 bytes)
[    0.000000] Memory: 997660K/1048120K available (8636K kernel code, 1337K rwdata, 4040K rodata, 1492K init, 1296K bss, 50460K reserved, 0K cma-reserved)
[    0.000000] SLUB: HWalign=64, Order=0-3, MinObjects=0, CPUs=2, Nodes=1
[    0.000000] Kernel/User page tables isolation: enabled
[    0.000000] Hierarchical RCU implementation.
[    0.000000] 	Build-time adjustment of leaf fanout to 64.
[    0.000000] 	RCU restricting CPUs from NR_CPUS=512 to nr_cpu_ids=2.
[    0.000000] RCU: Adjusting geometry for rcu_fanout_leaf=64, nr_cpu_ids=2
[    0.000000] NR_IRQS:33024 nr_irqs:440 16
[    0.000000] Console: colour VGA+ 80x25
[    0.000000] console [tty1] enabled
[    0.000000] console [ttyS0] enabled
[    0.000000] tsc: Detected 2808.000 MHz processor
[    0.238469] Calibrating delay loop (skipped) preset value.. 5616.00 BogoMIPS (lpj=11232000)
[    0.241169] pid_max: default: 32768 minimum: 301
[    0.242661] ACPI: Core revision 20150930
[    0.245871] ACPI: 2 ACPI AML tables successfully acquired and loaded
[    0.247925] Security Framework initialized
[    0.249372] Yama: becoming mindful.
[    0.250544] AppArmor: AppArmor initialized
[    0.251942] Dentry cache hash table entries: 131072 (order: 8, 1048576 bytes)
[    0.263635] Inode-cache hash table entries: 65536 (order: 7, 524288 bytes)
[    0.265738] Mount-cache hash table entries: 2048 (order: 2, 16384 bytes)
[    0.267601] Mountpoint-cache hash table entries: 2048 (order: 2, 16384 bytes)
[    0.269773] Initializing cgroup subsys io
[    0.271163] Initializing cgroup subsys memory
[    0.272576] Initializing cgroup subsys devices
[    0.273964] Initializing cgroup subsys freezer
[    0.275351] Initializing cgroup subsys net_cls
[    0.276730] Initializing cgroup subsys perf_event
[    0.278185] Initializing cgroup subsys net_prio
[    0.279634] Initializing cgroup subsys hugetlb
[    0.281017] Initializing cgroup subsys pids
[    0.283751] mce: CPU supports 0 MCE banks
[    0.285079] Last level iTLB entries: 4KB 64, 2MB 8, 4MB 8
[    0.286685] Last level dTLB entries: 4KB 64, 2MB 0, 4MB 0, 1GB 4
[    0.288405] Spectre V1 : Mitigation: usercopy/swapgs barriers and __user pointer sanitization
[    0.291072] Spectre V2 : Mitigation: Full generic retpoline
[    0.292717] Spectre V2 : Spectre v2 / SpectreRSB mitigation: Filling RSB on context switch
[    0.295226] Speculative Store Bypass: Vulnerable
[    0.296629] SRBDS: Unknown: Dependent on hypervisor status
[    0.298384] MDS: Mitigation: Clear CPU buffers
[    0.303553] Freeing SMP alternatives memory: 36K
[    0.312993] ftrace: allocating 32339 entries in 127 pages
[    0.402036] smpboot: APIC(0) Converting physical 0 to logical package 0
[    0.403958] smpboot: Max logical packages: 1
[    0.405759] x2apic enabled
[    0.407148] Switched APIC routing to physical x2apic.
[    0.410461] ..TIMER: vector=0x30 apic1=0 pin1=2 apic2=-1 pin2=-1
[    0.520321] smpboot: CPU0: Intel(R) Core(TM) i7-7700HQ CPU @ 2.80GHz (family: 0x6, model: 0x9e, stepping: 0x9)
[    0.523557] Performance Events: unsupported p6 CPU model 158 no PMU driver, software events only.
[    0.537897] KVM setup paravirtual spinlock
[    0.539958] x86: Booting SMP configuration:
[    0.541325] .... node  #0, CPUs:      #1
[    0.542736] kvm-clock: cpu 1, msr 0:3ffe3041, secondary cpu clock
[    0.545245] mce: CPU supports 0 MCE banks
[    0.548027] x86: Booted up 1 node, 2 CPUs
[    0.549775] smpboot: Total of 2 processors activated (11232.00 BogoMIPS)
[    0.552260] devtmpfs: initialized
[    0.555490] evm: security.selinux
[    0.556692] evm: security.SMACK64
[    0.557959] evm: security.SMACK64EXEC
[    0.559184] evm: security.SMACK64TRANSMUTE
[    0.560483] evm: security.SMACK64MMAP
[    0.561687] evm: security.ima
[    0.562750] evm: security.capability
[    0.564204] clocksource: jiffies: mask: 0xffffffff max_cycles: 0xffffffff, max_idle_ns: 7645041785100000 ns
[    0.567139] futex hash table entries: 512 (order: 3, 32768 bytes)
[    0.569177] pinctrl core: initialized pinctrl subsystem
[    0.570913] RTC time: 22:36:36, date: 09/28/20
[    0.572574] NET: Registered protocol family 16
[    0.585407] cpuidle: using governor ladder
[    0.597264] cpuidle: using governor menu
[    0.598563] PCCT header not found.
[    0.599833] ACPI: bus type PCI registered
[    0.601210] acpiphp: ACPI Hot Plug PCI Controller Driver version: 0.5
[    0.603150] PCI: Using configuration type 1 for base access
[    0.620069] ACPI: Added _OSI(Module Device)
[    0.622661] ACPI: Added _OSI(Processor Device)
[    0.625083] ACPI: Added _OSI(3.0 _SCP Extensions)
[    0.626614] ACPI: Added _OSI(Processor Aggregator Device)
[    0.632058] ACPI: Executed 1 blocks of module-level executable AML code
[    0.637424] ACPI: Interpreter enabled
[    0.638648] ACPI: (supports S0 S5)
[    0.639810] ACPI: Using IOAPIC for interrupt routing
[    0.641564] PCI: Using host bridge windows from ACPI; if necessary, use "pci=nocrs" and report a bug
[    0.649059] ACPI: PCI Root Bridge [PCI0] (domain 0000 [bus 00-ff])
[    0.651132] acpi PNP0A03:00: _OSC: OS supports [ASPM ClockPM Segments MSI]
[    0.653521] acpi PNP0A03:00: _OSC: not requesting OS control; OS requires [ExtendedConfig ASPM ClockPM MSI]
[    0.656370] acpi PNP0A03:00: fail to add MMCONFIG information, can't access extended PCI configuration space under this bridge.
[    0.660091] PCI host bridge to bus 0000:00
[    0.661496] pci_bus 0000:00: root bus resource [io  0x0000-0x0cf7 window]
[    0.663430] pci_bus 0000:00: root bus resource [io  0x0d00-0xffff window]
[    0.665438] pci_bus 0000:00: root bus resource [mem 0x000a0000-0x000bffff window]
[    0.667842] pci_bus 0000:00: root bus resource [mem 0x40000000-0xfdffffff window]
[    0.670252] pci_bus 0000:00: root bus resource [bus 00-ff]
[    0.674302] pci 0000:00:01.1: legacy IDE quirk: reg 0x10: [io  0x01f0-0x01f7]
[    0.676260] pci 0000:00:01.1: legacy IDE quirk: reg 0x14: [io  0x03f6]
[    0.678199] pci 0000:00:01.1: legacy IDE quirk: reg 0x18: [io  0x0170-0x0177]
[    0.696210] pci 0000:00:01.1: legacy IDE quirk: reg 0x1c: [io  0x0376]
[    0.712320] pci 0000:00:07.0: quirk: [io  0x4000-0x403f] claimed by PIIX4 ACPI
[    0.714931] pci 0000:00:07.0: quirk: [io  0x4100-0x410f] claimed by PIIX4 SMB
[    0.722124] ACPI: PCI Interrupt Link [LNKA] (IRQs 5 9 10 *11)
[    0.724714] ACPI: PCI Interrupt Link [LNKB] (IRQs 5 9 *10 11)
[    0.727173] ACPI: PCI Interrupt Link [LNKC] (IRQs 5 *9 10 11)
[    0.729669] ACPI: PCI Interrupt Link [LNKD] (IRQs 5 9 10 *11)
[    0.732038] ACPI: Enabled 2 GPEs in block 00 to 07
[    0.733959] vgaarb: setting as boot device: PCI:0000:00:02.0
[    0.735561] vgaarb: device added: PCI:0000:00:02.0,decodes=io+mem,owns=io+mem,locks=none
[    0.738073] vgaarb: loaded
[    0.739064] vgaarb: bridge control possible 0000:00:02.0
[    0.740863] SCSI subsystem initialized
[    0.742264] ACPI: bus type USB registered
[    0.743619] usbcore: registered new interface driver usbfs
[    0.745218] usbcore: registered new interface driver hub
[    0.746858] usbcore: registered new device driver usb
[    0.750051] PCI: Using ACPI for IRQ routing
[    0.761409] NetLabel: Initializing
[    0.762677] NetLabel:  domain hash size = 128
[    0.764025] NetLabel:  protocols = UNLABELED CIPSOv4
[    0.765856] NetLabel:  unlabeled traffic allowed by default
[    0.767697] amd_nb: Cannot enumerate AMD northbridges
[    0.769287] clocksource: Switched to clocksource kvm-clock
[    0.795838] AppArmor: AppArmor Filesystem Enabled
[    0.797418] pnp: PnP ACPI init
[    0.799504] pnp: PnP ACPI: found 3 devices
[    0.813592] clocksource: acpi_pm: mask: 0xffffff max_cycles: 0xffffff, max_idle_ns: 2085701024 ns
[    0.816461] NET: Registered protocol family 2
[    0.818007] TCP established hash table entries: 8192 (order: 4, 65536 bytes)
[    0.819910] TCP bind hash table entries: 8192 (order: 5, 131072 bytes)
[    0.821638] TCP: Hash tables configured (established 8192 bind 8192)
[    0.823316] UDP hash table entries: 512 (order: 2, 16384 bytes)
[    0.824882] UDP-Lite hash table entries: 512 (order: 2, 16384 bytes)
[    0.826605] NET: Registered protocol family 1
[    0.827901] pci 0000:00:00.0: Limiting direct PCI/PCI transfers
[    0.829759] pci 0000:00:01.0: Activating ISA DMA hang workarounds
[    0.832132] Unpacking initramfs...
[    1.258494] Freeing initrd memory: 14884K
[    1.259956] clocksource: tsc: mask: 0xffffffffffffffff max_cycles: 0x2879c5f06f2, max_idle_ns: 440795220049 ns
[    1.263067] platform rtc_cmos: registered platform RTC device (no PNP device found)
[    1.265500] Scanning for low memory corruption every 60 seconds
[    1.267661] audit: initializing netlink subsys (disabled)
[    1.269259] audit: type=2000 audit(1601332601.676:1): initialized
[    1.271346] Initialise system trusted keyring
[    1.273039] HugeTLB registered 2 MB page size, pre-allocated 0 pages
[    1.276423] zbud: loaded
[    1.277933] VFS: Disk quotas dquot_6.6.0
[    1.279234] VFS: Dquot-cache hash table entries: 512 (order 0, 4096 bytes)
[    1.281380] squashfs: version 4.0 (2009/01/31) Phillip Lougher
[    1.283514] fuse init (API version 7.23)
[    1.285056] Key type big_key registered
[    1.286406] Allocating IMA MOK and blacklist keyrings.
[    1.290391] Key type asymmetric registered
[    1.291729] Asymmetric key parser 'x509' registered
[    1.293253] Block layer SCSI generic (bsg) driver version 0.4 loaded (major 249)
[    1.295721] io scheduler noop registered
[    1.296994] io scheduler deadline registered (default)
[    1.298571] io scheduler cfq registered
[    1.299902] pci_hotplug: PCI Hot Plug PCI Core version: 0.5
[    1.301526] pciehp: PCI Express Hot Plug Controller Driver version: 0.4
[    1.303520] ACPI: AC Adapter [AC] (on-line)
[    1.304978] input: Power Button as /devices/LNXSYSTM:00/LNXPWRBN:00/input/input0
[    1.307427] ACPI: Power Button [PWRF]
[    1.308744] input: Sleep Button as /devices/LNXSYSTM:00/LNXSLPBN:00/input/input1
[    1.311257] ACPI: Sleep Button [SLPF]
[    1.312723] GHES: HEST is not enabled!
[    1.313595] ACPI: Battery Slot [BAT0] (battery present)
[    1.315812] Serial: 8250/16550 driver, 32 ports, IRQ sharing enabled
[    1.338485] 00:02: ttyS0 at I/O 0x3f8 (irq = 4, base_baud = 115200) is a 16550A
[    1.345167] Linux agpgart interface v0.103
[    1.348777] loop: module loaded
[    1.350808] scsi host0: ata_piix
[    1.352124] scsi host1: ata_piix
[    1.353289] ata1: PATA max UDMA/33 cmd 0x1f0 ctl 0x3f6 bmdma 0xd000 irq 14
[    1.355238] ata2: PATA max UDMA/33 cmd 0x170 ctl 0x376 bmdma 0xd008 irq 15
[    1.357358] libphy: Fixed MDIO Bus: probed
[    1.358695] tun: Universal TUN/TAP device driver, 1.6
[    1.360206] tun: (C) 1999-2004 Max Krasnyansky <maxk@qualcomm.com>
[    1.362157] PPP generic driver version 2.4.2
[    1.363801] ehci_hcd: USB 2.0 'Enhanced' Host Controller (EHCI) Driver
[    1.366674] ehci-pci: EHCI PCI platform driver
[    1.368072] ehci-platform: EHCI generic platform driver
[    1.369674] ohci_hcd: USB 1.1 'Open' Host Controller (OHCI) Driver
[    1.371477] ohci-pci: OHCI PCI platform driver
[    1.372871] ohci-platform: OHCI generic platform driver
[    1.374511] uhci_hcd: USB Universal Host Controller Interface driver
[    1.376372] i8042: PNP: PS/2 Controller [PNP0303:PS2K,PNP0f03:PS2M] at 0x60,0x64 irq 1,12
[    1.379509] serio: i8042 KBD port at 0x60,0x64 irq 1
[    1.381082] serio: i8042 AUX port at 0x60,0x64 irq 12
[    1.383063] mousedev: PS/2 mouse device common for all mice
[    1.385294] input: AT Translated Set 2 keyboard as /devices/platform/i8042/serio0/input/input2
[    1.388649] rtc_cmos rtc_cmos: rtc core: registered rtc_cmos as rtc0
[    1.390616] rtc_cmos rtc_cmos: alarms up to one day, 114 bytes nvram
[    1.392477] i2c /dev entries driver
[    1.393757] device-mapper: uevent: version 1.0.3
[    1.395274] device-mapper: ioctl: 4.34.0-ioctl (2015-10-28) initialised: dm-devel@redhat.com
[    1.397955] ledtrig-cpu: registered to indicate activity on CPUs
[    1.400593] NET: Registered protocol family 10
[    1.402356] NET: Registered protocol family 17
[    1.403801] Key type dns_resolver registered
[    1.405959] registered taskstats version 1
[    1.407291] Loading compiled-in X.509 certificates
[    1.409390] Loaded X.509 cert 'Build time autogenerated kernel key: b89e9ea735e1dbde81c7786f041ecf1d53e71c2e'
[    1.412481] zswap: loaded using pool lzo/zbud
[    1.416216] Key type trusted registered
[    1.421582] Key type encrypted registered
[    1.422873] AppArmor: AppArmor sha1 policy hashing enabled
[    1.424528] ima: No TPM chip found, activating TPM-bypass!
[    1.426211] ima: Allocated hash algorithm: sha1
[    1.427617] evm: HMAC attrs: 0x1
[    1.429215]   Magic number: 4:41:655
[    1.430565] rtc_cmos rtc_cmos: setting system clock to 2020-09-28 22:36:37 UTC (1601332597)
[    1.433301] BIOS EDD facility v0.16 2004-Jun-25, 0 devices found
[    1.435049] EDD information not available.
[    1.538523] Freeing unused kernel memory: 1492K
[    1.539926] Write protecting the kernel read-only data: 14336k
[    1.542076] Freeing unused kernel memory: 1592K
[    1.543713] Freeing unused kernel memory: 56K
Loading, please wait...
starting version 229
[    1.560208] random: systemd-udevd: uninitialized urandom read (16 bytes read, 3 bits of entropy available)
[    1.560726] random: udevadm: uninitialized urandom read (16 bytes read, 3 bits of entropy available)
[    1.560745] random: udevadm: uninitialized urandom read (16 bytes read, 3 bits of entropy available)
[    1.568591] random: systemd-udevd: uninitialized urandom read (16 bytes read, 3 bits of entropy available)
[    1.570561] random: udevadm: uninitialized urandom read (16 bytes read, 3 bits of entropy available)
[    1.570607] random: udevadm: uninitialized urandom read (16 bytes read, 3 bits of entropy available)
[    1.570770] random: udevadm: uninitialized urandom read (16 bytes read, 3 bits of entropy available)
[    1.570831] random: udevadm: uninitialized urandom read (16 bytes read, 3 bits of entropy available)
[    1.570891] random: udevadm: uninitialized urandom read (16 bytes read, 3 bits of entropy available)
[    1.570950] random: udevadm: uninitialized urandom read (16 bytes read, 3 bits of entropy available)
[    1.637080] e1000: Intel(R) PRO/1000 Network Driver - version 7.3.21-k8-NAPI
[    1.639127] e1000: Copyright (c) 1999-2006 Intel Corporation.
[    1.646056] Fusion MPT base driver 3.04.20
[    1.647532] Copyright (c) 1999-2008 LSI Corporation
[    1.668449] AVX2 version of gcm_enc/dec engaged.
[    1.669976] AES CTR mode by8 optimization enabled
[    1.678352] Fusion MPT SPI Host driver 3.04.20
[    1.847189] input: ImExPS/2 Generic Explorer Mouse as /devices/platform/i8042/serio1/input/input4
[    2.049273] e1000 0000:00:03.0 eth0: (PCI:33MHz:32-bit) 02:8a:e9:cd:da:1d
[    2.051193] e1000 0000:00:03.0 eth0: Intel(R) PRO/1000 Network Connection
[    2.054061] mptbase: ioc0: Initiating bringup
[    2.054849] e1000 0000:00:03.0 enp0s3: renamed from eth0
[    2.126114] ioc0: LSI53C1030 A0: Capabilities={Initiator}
[    2.288323] scsi host2: ioc0: LSI53C1030 A0, FwRev=00000000h, Ports=1, MaxQ=256, IRQ=20
[    2.401958] scsi 2:0:0:0: Direct-Access     VBOX     HARDDISK         1.0  PQ: 0 ANSI: 5
[    2.404441] scsi target2:0:0: Beginning Domain Validation
[    2.408444] scsi target2:0:0: Domain Validation skipping write tests
[    2.410140] scsi target2:0:0: Ending Domain Validation
[    2.411622] scsi target2:0:0: asynchronous
[    2.413379] scsi 2:0:1:0: Direct-Access     VBOX     HARDDISK         1.0  PQ: 0 ANSI: 5
[    2.415982] scsi target2:0:1: Beginning Domain Validation
[    2.418545] scsi target2:0:1: Domain Validation skipping write tests
[    2.420206] scsi target2:0:1: Ending Domain Validation
[    2.437715] scsi target2:0:1: asynchronous
[    2.446684] sd 2:0:0:0: [sda] 20971520 512-byte logical blocks: (10.7 GB/10.0 GiB)
[    2.446869] sd 2:0:0:0: Attached scsi generic sg0 type 0
[    2.447429] sd 2:0:1:0: Attached scsi generic sg1 type 0
[    2.447699] sd 2:0:1:0: [sdb] 20480 512-byte logical blocks: (10.5 MB/10.0 MiB)
[    2.447933] sd 2:0:1:0: [sdb] Write Protect is off
[    2.448119] sd 2:0:1:0: [sdb] Incomplete mode parameter data
[    2.448121] sd 2:0:1:0: [sdb] Assuming drive cache: write through
[    2.458820] sd 2:0:1:0: [sdb] Attached SCSI disk
[    2.461096] sd 2:0:0:0: [sda] Write Protect is off
[    2.462829] sd 2:0:0:0: [sda] Incomplete mode parameter data
[    2.464462] sd 2:0:0:0: [sda] Assuming drive cache: write through
[    2.468179]  sda: sda1
[    2.470040] sd 2:0:0:0: [sda] Attached SCSI disk
Begin: Loading essential drivers ... [    4.014311] md: linear personality registered for level -1
[    4.018509] md: multipath personality registered for level -4
[    4.022639] md: raid0 personality registered for level 0
[    4.028287] md: raid1 personality registered for level 1
[    4.101378] raid6: sse2x1   gen()  8532 MB/s
[    4.169748] raid6: sse2x1   xor()  6921 MB/s
[    4.237715] raid6: sse2x2   gen() 11757 MB/s
[    4.305541] raid6: sse2x2   xor()  8053 MB/s
[    4.373408] raid6: sse2x4   gen() 13297 MB/s
[    4.441716] raid6: sse2x4   xor()  9119 MB/s
[    4.509566] raid6: avx2x1   gen() 18872 MB/s
[    4.577863] raid6: avx2x2   gen() 21866 MB/s
[    4.645715] raid6: avx2x4   gen() 23773 MB/s
[    4.647127] raid6: using algorithm avx2x4 gen() 23773 MB/s
[    4.648892] raid6: using avx2x2 recovery algorithm
[    4.652145] xor: automatically using best checksumming function:
[    4.690066]    avx       : 22826.000 MB/sec
[    4.692872] async_tx: api initialized (async)
[    4.706255] md: raid6 personality registered for level 6
[    4.707916] md: raid5 personality registered for level 5
[    4.709562] md: raid4 personality registered for level 4
[    4.718443] md: raid10 personality registered for level 10
done.
Begin: Running /scripts/init-premount ... done.
Begin: Mounting root file system ... Begin: Running /scripts/local-top ... done.
Begin: Running /scripts/local-premount ... [    4.757232] Btrfs loaded
Scanning for Btrfs filesystems
done.
Warning: fsck not present, so skipping root file system
[    4.798202] EXT4-fs (sda1): mounted filesystem with ordered data mode. Opts: (null)
done.
Begin: Running /scripts/local-bottom ... done.
Begin: Running /scripts/init-bottom ... done.
[    4.915712] systemd[1]: systemd 229 running in system mode. (+PAM +AUDIT +SELINUX +IMA +APPARMOR +SMACK +SYSVINIT +UTMP +LIBCRYPTSETUP +GCRYPT +GNUTLS +ACL +XZ -LZ4 +SECCOMP +BLKID +ELFUTILS +KMOD -IDN)
[    4.920875] systemd[1]: Detected virtualization oracle.
[    4.922559] systemd[1]: Detected architecture x86-64.

Welcome to [1mUbuntu 16.04.7 LTS[0m!

[    4.926761] systemd[1]: Set hostname to <ubuntu>.
[    4.930462] systemd[1]: Initializing machine ID from random generator.
[    4.932334] systemd[1]: Installed transient /etc/machine-id file.
[    5.072895] systemd[1]: Listening on /dev/initctl Compatibility Named Pipe.
[[0;32m  OK  [0m] Listening on /dev/initctl Compatibility Named Pipe.
[    5.076175] systemd[1]: Created slice System Slice.
[[0;32m  OK  [0m] Created slice System Slice.
[    5.078281] systemd[1]: Reached target System Time Synchronized.
[[0;32m  OK  [0m] Reached target System Time Synchronized.
[    5.080969] systemd[1]: Started Trigger resolvconf update for networkd DNS.
[[0;32m  OK  [0m] Started Trigger resolvconf update for networkd DNS.
[    5.083901] systemd[1]: Reached target Swap.
[[0;32m  OK  [0m] Reached target Swap.
[    5.086251] systemd[1]: Created slice User and Session Slice.
[[0;32m  OK  [0m] Created slice User and Session Slice.
[    5.089650] systemd[1]: Listening on Journal Socket (/dev/log).
[[0;32m  OK  [0m] Listening on Journal Socket (/dev/log).
[    5.101605] systemd[1]: Reached target Encrypted Volumes.
[[0;32m  OK  [0m] Reached target Encrypted Volumes.
[    5.109596] systemd[1]: Reached target Slices.
[[0;32m  OK  [0m] Reached target Slices.
[    5.111875] systemd[1]: Started Forward Password Requests to Wall Directory Watch.
[[0;32m  OK  [0m] Started Forward Password Requests to Wall Directory Watch.
[    5.115344] systemd[1]: Listening on udev Control Socket.
[[0;32m  OK  [0m] Listening on udev Control Socket.
[    5.118292] systemd[1]: Listening on Device-mapper event daemon FIFOs.
[[0;32m  OK  [0m] Listening on Device-mapper event daemon FIFOs.
[    5.125944] systemd[1]: Listening on LVM2 poll daemon socket.
[[0;32m  OK  [0m] Listening on LVM2 poll daemon socket.
[    5.133604] systemd[1]: Listening on udev Kernel Socket.
[[0;32m  OK  [0m] Listening on udev Kernel Socket.
[    5.135948] systemd[1]: Listening on Syslog Socket.
[[0;32m  OK  [0m] Listening on Syslog Socket.
[    5.145822] systemd[1]: Listening on Journal Audit Socket.
[[0;32m  OK  [0m] Listening on Journal Audit Socket.
[    5.153804] systemd[1]: Created slice system-serial\x2dgetty.slice.
[[0;32m  OK  [0m] Created slice system-serial\x2dgetty.slice.
[    5.156887] systemd[1]: Listening on Journal Socket.
[[0;32m  OK  [0m] Listening on Journal Socket.
[    5.170105] systemd[1]: Mounting Debug File System...
         Mounting Debug File System...
[    5.174328] systemd[1]: Starting Create list of required static device nodes for the current kernel...
         Starting Create list of required st... nodes for the current kernel...
[    5.179246] systemd[1]: Starting Uncomplicated firewall...
         Starting Uncomplicated firewall...
[    5.182375] systemd[1]: Mounting POSIX Message Queue File System...
         Mounting POSIX Message Queue File System...
[    5.186082] systemd[1]: Starting Remount Root and Kernel File Systems...
         Starting Remount Root and Kernel File Systems...
[    5.190609] EXT4-fs (sda1): re-mounted. Opts: (null)
[    5.194256] systemd[1]: Mounting Huge Pages File System...
         Mounting Huge Pages File System...
[    5.198801] systemd[1]: Starting Load Kernel Modules...
         Starting Load Kernel Modules...
[    5.201384] systemd[1]: Reached target User and Group Name Lookups.
[[0;32m  OK  [0m] Reached target User and Group Name Lookups.
[    5.205460] systemd[1]: Starting Nameserver information manager...
         Starting Nameserver information manager...
[    5.208426] Loading iSCSI transport class v2.0-870.
[    5.208545] systemd[1]: Listening on LVM2 metadata daemon socket.
[[0;32m  OK  [0m] Listening on LVM2 metadata daemon socket.
[    5.214044] systemd[1]: Set up automount Arbitrary Executable File Formats File System Automount Point.
[[0;32m  OK  [0m] Set up automount Arbitrary Executab...ats File System Automount Point.
[    5.220000] systemd[1]: Starting Monitoring of LVM2 mirrors, snapshots etc. using dmeventd or progress polling...
[    5.223042] iscsi: registered transport (tcp)
         Starting Monitoring of LVM2 mirrors... dmeventd or progress polling...
[    5.225880] systemd[1]: Starting Journal Service...
         Starting Journal Service...
[    5.229791] systemd[1]: Starting Set console keymap...
         Starting Set console keymap...
[    5.234625] systemd[1]: Mounted Debug File System.
[[0;32m  OK  [0m] Mounted Debug File System.
[    5.250323] systemd[1]: Mounted POSIX Message Queue File System.
[[0;32m  OK  [0m] Mounted POSIX Message Queue File System.
[    5.254643] systemd[1]: Mounted Huge Pages File System.
[[0;32m  OK  [0m] Mounted Huge Pages File System.
[    5.258690] systemd[1]: Started Create list of required static device nodes for the current kernel.
[[0;32m  OK  [0m] Started Create list of required sta...ce nodes for the current kernel.
[    5.272196] systemd[1]: Started Uncomplicated firewall.
[[0;32m  OK  [0m] Started Uncomplicated firewall.
[    5.276158] systemd[1]: Started Remount Root and Kernel File Systems.
[[0;32m  OK  [0m] Started Remount Root and Kernel File Systems.
[    5.307159] iscsi: registered transport (iser)
[    5.310280] systemd[1]: Started Load Kernel Modules.
[[0;32m  OK  [0m] Started Load Kernel Modules.
[    5.321839] systemd[1]: Started Nameserver information manager.
[[0;32m  OK  [0m] Started Nameserver information manager.
[    5.326451] systemd[1]: Started Journal Service.
[[0;32m  OK  [0m] Started Journal Service.
[[0;32m  OK  [0m] Started LVM2 metadata daemon.
         Starting Apply Kernel Variables...
         Mounting FUSE Control File System...
         Starting udev Coldplug all Devices...
         Starting Load/Save Random Seed...
         Starting Flush Journal to Persistent Storage...
         Starting Create Static Device Nodes in /dev...
[[0;32m  OK  [0m] Mounted FUSE Control File System.
[    5.372345] systemd-journald[397]: Received request to flush runtime journal from PID 1
[[0;32m  OK  [0m] Started Flush Journal to Persistent Storage.
[[0;32m  OK  [0m] Started Apply Kernel Variables.
[[0;32m  OK  [0m] Started Create Static Device Nodes in /dev.
[[0;32m  OK  [0m] Started Load/Save Random Seed.
         Starting udev Kernel Device Manager...
[[0;32m  OK  [0m] Started Set console keymap.
[[0;32m  OK  [0m] Started udev Kernel Device Manager.
[[0;32m  OK  [0m] Started udev Coldplug all Devices.
[[0;32m  OK  [0m] Started Dispatch Password Requests to Console Directory Watch.
[[0;32m  OK  [0m] Found device /dev/ttyS0.
[[0;32m  OK  [0m] Started Monitoring of LVM2 mirrors,...ng dmeventd or progress polling.
[[0;32m  OK  [0m] Reached target Local File Systems (Pre).
[[0;32m  OK  [0m] Reached target Local File Systems.
         Starting Tell Plymouth To Write Out Runtime Data...
         Starting Set console font and keymap...
         Starting Create Volatile Files and Directories...
         Starting Initial cloud-init job (pre-networking)...
         Starting Commit a transient machine-id on disk...
         Starting LSB: AppArmor initialization...
[[0;32m  OK  [0m] Started Tell Plymouth To Write Out Runtime Data.
[[0;32m  OK  [0m] Started Create Volatile Files and Directories.
[[0;32m  OK  [0m] Listening on Load/Save RF Kill Switch Status /dev/rfkill Watch.
         Starting Update UTMP about System Boot/Shutdown...
[[0;32m  OK  [0m] Started Commit a transient machine-id on disk.
[[0;32m  OK  [0m] Started Update UTMP about System Boot/Shutdown.
[    7.410587] cloud-init[520]: Cloud-init v. 20.3-2-g371b392c-0ubuntu1~16.04.1 running 'init-local' at Mon, 28 Sep 2020 22:36:43 +0000. Up 6.84 seconds.
[[0;32m  OK  [0m] Started Initial cloud-init job (pre-networking).
[[0;32m  OK  [0m] Reached target Network (Pre).
[[0;32m  OK  [0m] Started LSB: AppArmor initialization.
         Starting Load AppArmor profiles managed internally by snapd...
         Starting Raise network interfaces...
[[0;32m  OK  [0m] Started Load AppArmor profiles managed internally by snapd.
[[0;32m  OK  [0m] Started Set console font and keymap.
[[0;32m  OK  [0m] Created slice system-getty.slice.
[[0;32m  OK  [0m] Started Raise network interfaces.
[[0;32m  OK  [0m] Reached target Network.
         Starting Initial cloud-init job (metadata service crawler)...
[    9.781723] cloud-init[956]: Cloud-init v. 20.3-2-g371b392c-0ubuntu1~16.04.1 running 'init' at Mon, 28 Sep 2020 22:36:45 +0000. Up 9.00 seconds.
[    9.788761] cloud-init[956]: ci-info: ++++++++++++++++++++++++++++++++++++++Net device info++++++++++++++++++++++++++++++++++++++
[    9.790516] cloud-init[956]: ci-info: +--------+------+----------------------------+---------------+--------+-------------------+
[    9.791860] cloud-init[956]: ci-info: | Device |  Up  |          Address           |      Mask     | Scope  |     Hw-Address    |
[    9.793274] cloud-init[956]: ci-info: +--------+------+----------------------------+---------------+--------+-------------------+
[    9.794522] cloud-init[956]: ci-info: | enp0s3 | True |         10.0.2.15          | 255.255.255.0 | global | 02:8a:e9:cd:da:1d |
[    9.795990] cloud-init[956]: ci-info: | enp0s3 | True | fe80::8a:e9ff:fecd:da1d/64 |       .       |  link  | 02:8a:e9:cd:da:1d |
[    9.798330] cloud-init[956]: ci-info: |   lo   | True |         127.0.0.1          |   255.0.0.0   |  host  |         .         |
[    9.800636] cloud-init[956]: ci-info: |   lo   | True |          ::1/128           |       .       |  host  |         .         |
[    9.802917] cloud-init[956]: ci-info: +--------+------+----------------------------+---------------+--------+-------------------+
[    9.805242] cloud-init[956]: ci-info: +++++++++++++++++++++++++++Route IPv4 info++++++++++++++++++++++++++++
[    9.807064] cloud-init[956]: ci-info: +-------+-------------+----------+---------------+-----------+-------+
[    9.809163] cloud-init[956]: ci-info: | Route | Destination | Gateway  |    Genmask    | Interface | Flags |
[    9.811106] cloud-init[956]: ci-info: +-------+-------------+----------+---------------+-----------+-------+
[    9.813152] cloud-init[956]: ci-info: |   0   |   0.0.0.0   | 10.0.2.2 |    0.0.0.0    |   enp0s3  |   UG  |
[    9.815186] cloud-init[956]: ci-info: |   1   |   10.0.2.0  | 0.0.0.0  | 255.255.255.0 |   enp0s3  |   U   |
[    9.817272] cloud-init[956]: ci-info: +-------+-------------+----------+---------------+-----------+-------+
[    9.819294] cloud-init[956]: ci-info: +++++++++++++++++++Route IPv6 info+++++++++++++++++++
[    9.821154] cloud-init[956]: ci-info: +-------+-------------+---------+-----------+-------+
[    9.823008] cloud-init[956]: ci-info: | Route | Destination | Gateway | Interface | Flags |
[    9.824864] cloud-init[956]: ci-info: +-------+-------------+---------+-----------+-------+
[    9.826545] cloud-init[956]: ci-info: |   0   |  fe80::/64  |    ::   |   enp0s3  |   U   |
[[0;32m  OK  [0m] Started Initial cloud-init job (metadata service crawler).
[[0;32m  OK  [0m] Reached target Cloud-config availability.
[[0;32m  OK  [0m] Reached target System Initialization.
[    9.828377] cloud-init[956]: ci-info: |   3   |   ff00::/8  |    ::   |   enp0s3  |   U   |
[[0;32m  OK  [0m] Started ACPI Events Check.
[[0;32m  OK  [0m] Reached target Paths.
[[0;32m  OK  [0m] Started Daily apt download activities.
[    9.837354] cloud-init[956]: ci-info: +-------+-------------+---------+-----------+-------+
[    9.845671] cloud-init[956]: Generating public/private rsa key pair.
[    9.852601] cloud-init[956]: Your identification has been saved in /etc/ssh/ssh_host_rsa_key.
[    9.853650] cloud-init[956]: Your public key has been saved in /etc/ssh/ssh_host_rsa_key.pub.
[    9.861076] cloud-init[956]: The key fingerprint is:
         Starting LXD - unix socket.
[[0;32m  OK  [0m] Started Daily Cleanup of Temporary Directories.
[[0;32m  OK  [0m] Started Daily apt upgrade and clean activities.
[[0;32m  OK  [0m] Listening on ACPID Listen Socket.
[    9.940477] cloud-init[956]: SHA256:36jAVZEilWxoJjx8pFR4EHEfilMLxUcYiWelxKNnxB4 root@ubuntu-xenial
[   10.074389] cloud-init[956]: The key's randomart image is:
         Starting Socket activation for snappy daemon.
[   10.076914] cloud-init[956]: +---[RSA 2048]----+
[   10.078142] cloud-init[956]: |   o*&OX=...     |
[[0;32m  OK  [0m] Listening on D-Bus System Message Bus Socket.[   10.080666] cloud-init[956]: |   .BBE=*...     |
[   10.081588] cloud-init[956]: |    +&+*...      |
[   10.082493] cloud-init[956]: |    ..+  .       |
[   10.083395] cloud-init[956]: |     o  S        |
[[0;32m  OK  [0m] Started Message of the Day.
[[0;32m  OK  [0m] Reached target Timers.
[[0;32m  OK  [0m] Listening on UUID daemon activation socket.
[[0;32m  OK  [0m] Reached target Network is Online.

[   10.088226] cloud-init[956]: |     . . . o     |
[   10.089141] cloud-init[956]: |      o   o .    |
[   10.089834] cloud-init[956]: |       . .       |
[   10.090766] cloud-init[956]: |        .        |
[   10.091681] cloud-init[956]: +----[SHA256]-----+
[   10.093369] cloud-init[956]: Generating public/private dsa key pair.
[   10.094835] cloud-init[956]: Your identification has been saved in /etc/ssh/ssh_host_dsa_key.
[   10.096613] cloud-init[956]: Your public key has been saved in /etc/ssh/ssh_host_dsa_key.pub.
[   10.098360] cloud-init[956]: The key fingerprint is:
[   10.099631]          Starting iSCSI initiator daemon (iscsid)...
[[0;32m  OK  [0m] Listening on LXD - unix socket.
[[0;32m  OK  [0m] Listening on Socket activation for snappy daemon.
[[0;32m  OK  [0m] Reached target Sockets.
[[0;32m  OK  [0mcloud-init[956]: SHA256:hlvSc+Zn12ZOTa9WsTjuTrCNxiX6yzb9ijV+l6l4YNs root@ubuntu-xenial
[   10.105443] cloud-init[956]: The key's randomart image is:
[   10.106376] cloud-init[956]: +---[DSA 1024]----+
[   10.107320] cloud-init[956]: |                 |] Reached target Basic System.
         Starting LSB: Record successful boot for GRUB...

[   10.110942] cloud-init[956]: |                 |
[[0;32m  OK  [0m] Started ACPI event daemon.
         Starting Virtualbox guest utils...
[   10.123401] cloud-init[956]: |                 |
[   10.126392] cloud-init[956]: |       o       . |
         Starting Pollinate to seed the pseudo random number generator...
         Starting Accounts Service...
[   10.128786] cloud-init[956]: |      o S oo .. +|
[   10.135461] cloud-init[956]: |       = =ooBo ++|
[   10.135718] cloud-init[956]: |      .  .o=O=o.X|
[   10.136016] cloud-init[956]: |          +**EoX.|
[   10.136291] cloud-init[956]: |          .**B*.o|
[   10.136561] cloud-init[956]: +----[SHA256]-----+
[   10.136759] cloud-init[956]: Generating public/private ecdsa key pair.
[   10.137037] cloud-init[956]: Your identification has been saved in /etc/ssh/ssh_host_ecdsa_key.
[   10.137224] cloud-init[956]: Your public key has been saved in /etc/ssh/ssh_host_ecdsa_key.pub.
[   10.137355] cloud-init[956]: The key fingerprint is:
[   10.137467] cloud-init[956]: SHA256:HfxYnoN9CDeJ2rGMftUZMny3zflaoV/oaRuQATu9nhA root@ubuntu-xenial
[   10.137695] cloud-init[956]: The key's randomart image is:
[   10.138065] cloud-init[956]: +---[ECDSA 256]---+
[   10.138448] cloud-init[956]: |          .      |
[   10.138814] cloud-init[956]: |         . * .   |
[   10.139202] cloud-init[956]: |          E @ o .|
[   10.139568] cloud-init[956]: |         * / % =+|
[   10.139938] cloud-init[956]: |        S O % ++o|
[   10.140492] cloud-init[956]: |       .   + =..o|
[   10.140856] cloud-init[956]: |        . . o.o +|
[   10.141416] cloud-init[956]: |         .   .o=.|
[   10.141777] cloud-init[956]: |             .=o |
[   10.142984] cloud-init[956]: +----[SHA256]-----+
[   10.143353] cloud-init[956]: Generating public/private ed25519 key pair.
[   10.143717] cloud-init[956]: Your identification has been saved in /etc/ssh/ssh_host_ed25519_key.
[   10.144307] cloud-init[956]: Your public key has been saved in /etc/ssh/ssh_host_ed25519_key.pub.
[   10.144669] cloud-init[956]: The key fingerprint is:
[   10.145233] cloud-init[956]: SHA256:+MY9ST+Nr9rqbPmNA+UWPIdj/Dkvd8iSHY5kCvrGdYw root@ubuntu-xenial
[   10.145592] cloud-init[956]: The key's randomart image is:
[   10.146168] cloud-init[956]: +--[ED25519 256]--+
[   10.146530] cloud-init[956]: |                 |
[   10.146914] cloud-init[956]: |                 |
[   10.147276] cloud-init[956]: |           o .   |
[   10.147642] cloud-init[956]: |       .    X .  |
[   10.148024] cloud-init[956]: |      . S .* * . |
[   10.148395] cloud-init[956]: |       o.oEoBo=  |
[   10.148757] cloud-init[956]: |       o+o+O+*.= |
[   10.149136] cloud-init[956]: |      ..o.+o==* +|
[   10.149689] cloud-init[956]: |       o.o=+=+oo.|
[   10.149898] cloud-init[956]: +----[SHA256]-----+
[[0;32m  OK  [0m] Started Deferred execution scheduler.
         Starting Login Service...
         Starting /etc/rc.local Compatibility...
         Starting System Logging Service...
[[0;32m  OK  [0m] Started Regular background program processing daemon.
         Starting LXD - container startup/shutdown...
         Starting LSB: MD monitoring daemon...
[[0;32m  OK  [0m] Started D-Bus System Message Bus.
         Starting Snap Daemon...
[[0;32m  OK  [0m] Started FUSE filesystem for LXC.
[[0;32m  OK  [0m] Started System Logging Service.
[[0;32m  OK  [0m] Started /etc/rc.local Compatibility.
[[0;32m  OK  [0m] Started iSCSI initiator daemon (iscsid).
[[0;32m  OK  [0m] Started Login Service.
[[0;32m  OK  [0m] Started Unattended Upgrades Shutdown.
         Starting Authenticate and Authorize Users to Run Privileged Tasks...
         Starting Login to default iSCSI targets...
[[0;32m  OK  [0m] Started LSB: MD monitoring daemon.
[[0;32m  OK  [0m] Started LSB: Record successful boot for GRUB.
[[0;32m  OK  [0m] Started Login to default iSCSI targets.
[[0;32m  OK  [0m] Started Authenticate and Authorize Users to Run Privileged Tasks.
[[0;32m  OK  [0m] Reached target Remote File Systems (Pre).
[[0;32m  OK  [0m] Reached target Remote File Systems.
         Starting LSB: Set the CPU Frequency Scaling governor to "ondemand"...
         Starting LSB: automatic crash report generation...
         Starting Permit User Sessions...
         Starting LSB: daemon to balance interrupts for SMP systems...
[[0;32m  OK  [0m] Started LXD - container startup/shutdown.
[[0;32m  OK  [0m] Started Permit User Sessions.
[[0;32m  OK  [0m] Started Accounts Service.
         Starting Hold until boot process finishes up...
         Starting Terminate Plymouth Boot Screen...
[[0;32m  OK  [0m] Started LSB: Set the CPU Frequency Scaling governor to "ondemand".
[[0;32m  OK  [0m] Started Hold until boot process finishes up.
[[0;32m  OK  [0m] Started Terminate Plymouth Boot Screen.
[[0;32m  OK  [0m] Started LSB: daemon to balance interrupts for SMP systems.
[[0;32m  OK  [0m] Started Virtualbox guest utils.
[[0;32m  OK  [0m] Started Getty on tty1.
[[0;32m  OK  [0m] Started Serial Getty on ttyS0.
[[0;32m  OK  [0m] Reached target Login Prompts.
         Starting Set console scheme...
[[0;32m  OK  [0m] Started Set console scheme.
[[0;32m  OK  [0m] Started LSB: automatic crash report generation.
[[0;32m  OK  [0m] Started Snap Daemon.
         Starting Wait until snapd is fully seeded...
[[0;32m  OK  [0m] Started Pollinate to seed the pseudo random number generator.
         Starting OpenBSD Secure Shell server...
[[0;32m  OK  [0m] Started OpenBSD Secure Shell server.
[[0;32m  OK  [0m] Created slice User Slice of vagrant.
         Starting User Manager for UID 1000...
[[0;32m  OK  [0m] Started Session 1 of user vagrant.
[[0;32m  OK  [0m] Started User Manager for UID 1000.
         Stopping User Manager for UID 1000...
[[0;32m  OK  [0m] Stopped User Manager for UID 1000.

Ubuntu 16.04.7 LTS ubuntu-xenial ttyS0

ubuntu-xenial login: [   20.546711] cloud-init[1624]: Generating locales (this might take a while)...
[   21.751875] cloud-init[1624]:   en_US.UTF-8... done
[   21.752523] cloud-init[1624]: Generation complete.
[   22.102333] cloud-init[1624]: Cloud-init v. 20.3-2-g371b392c-0ubuntu1~16.04.1 running 'modules:config' at Mon, 28 Sep 2020 22:36:56 +0000. Up 20.38 seconds.
ci-info: no authorized SSH keys fingerprints found for user ubuntu.
<14>Sep 28 22:36:59 ec2: 
<14>Sep 28 22:36:59 ec2: #############################################################
<14>Sep 28 22:36:59 ec2: -----BEGIN SSH HOST KEY FINGERPRINTS-----
<14>Sep 28 22:36:59 ec2: 1024 SHA256:hlvSc+Zn12ZOTa9WsTjuTrCNxiX6yzb9ijV+l6l4YNs root@ubuntu-xenial (DSA)
<14>Sep 28 22:36:59 ec2: 256 SHA256:HfxYnoN9CDeJ2rGMftUZMny3zflaoV/oaRuQATu9nhA root@ubuntu-xenial (ECDSA)
<14>Sep 28 22:36:59 ec2: 256 SHA256:+MY9ST+Nr9rqbPmNA+UWPIdj/Dkvd8iSHY5kCvrGdYw root@ubuntu-xenial (ED25519)
<14>Sep 28 22:36:59 ec2: 2048 SHA256:36jAVZEilWxoJjx8pFR4EHEfilMLxUcYiWelxKNnxB4 root@ubuntu-xenial (RSA)
<14>Sep 28 22:36:59 ec2: -----END SSH HOST KEY FINGERPRINTS-----
<14>Sep 28 22:36:59 ec2: #############################################################
-----BEGIN SSH HOST KEY KEYS-----
ecdsa-sha2-nistp256 AAAAE2VjZHNhLXNoYTItbmlzdHAyNTYAAAAIbmlzdHAyNTYAAABBBD/hCdrGgjfEVGlHpZhtN3aAyooQ00Acg+1Z2SxbKKu4aWO1PdT222S2Q2XMrgFbCnJbAL8vltkzYFniGkZ3n/k= root@ubuntu-xenial
ssh-ed25519 AAAAC3NzaC1lZDI1NTE5AAAAIJo8AOHMsy5iHcrWNiVbEPefXu9Jb0tBxDPxBTkx7Q0r root@ubuntu-xenial
ssh-rsa AAAAB3NzaC1yc2EAAAADAQABAAABAQDFNKVUzizZEYhbiawxwj1gxvZvySdwF3285aN83iYu+ltRq4BM6oiKiWO5Pnv+xBTpA84JAtRfTQFCmnGQgUqQuSP/J0+UL+p5LB9HRlKfYfR2n7iA+4hoS4oeqH8VCKoiOjew/tU5cakVvbXSvfoXCMicgU993mptxQNSxGwliOmPESTLhT/sxprPAkdewae2A471w+uvKpyQvV/KdwxWLaEEcRiey5n1ApV8lya9VCj9DDJOB1bYPWgdyGMc5sMGajWkdFRURzONNMnEPlYZZyhCfQrjb5ngM2SyZLttN8AcHKy6ueuHydrVi6tFWaM+cBoQz2TJ8+zKbfeUCv8Z root@ubuntu-xenial
-----END SSH HOST KEY KEYS-----
[   22.825252] cloud-init[1667]: Cloud-init v. 20.3-2-g371b392c-0ubuntu1~16.04.1 running 'modules:final' at Mon, 28 Sep 2020 22:36:59 +0000. Up 22.61 seconds.
[   22.825476] cloud-init[1667]: ci-info: no authorized SSH keys fingerprints found for user ubuntu.
[   22.825703] cloud-init[1667]: Cloud-init v. 20.3-2-g371b392c-0ubuntu1~16.04.1 finished at Mon, 28 Sep 2020 22:36:59 +0000. Datasource DataSourceNoCloud [seed=/dev/sdb][dsmode=net].  Up 22.81 seconds
